flutterApp/build/app/outputs/mapping/release/seeds.txt
com.example.apolobytes.MainActivity
com.example.apolobytes.MainActivity: MainActivity()
...
io.flutter.view.AccessibilityBridge$Action: io.flutter.view.AccessibilityBridge$Action valueOf(java.lang.String)
io.flutter.plugin.editing.ImeSyncDeferringInsetsCallback: android.view.View view
androidx.annotation.Keep
io.flutter.plugin.editing.ImeSyncDeferringInsetsCallback$AnimationCallback: void onEnd(android.view.WindowInsetsAnimation)
io.flutter.embedding.engine.FlutterJNI: void onEndFrame()
io.flutter.embedding.engine.renderer.SurfaceTextureWrapper: void getTransformMatrix(float[])
io.flutter.embedding.engine.FlutterJNI: void nativeUnregisterTexture(long,long)
io.flutter.embedding.engine.FlutterJNI: void setLocalizationPlugin(io.flutter.plugin.localization.LocalizationPlugin)
io.flutter.embedding.engine.FlutterJNI: void setPlatformViewsController(io.flutter.plugin.platform.PlatformViewsController)
androidx.lifecycle.Lifecycling$1
io.flutter.embedding.engine.FlutterOverlaySurface: int getId()
io.flutter.embedding.engine.FlutterJNI: boolean nativeGetIsSoftwareRenderingEnabled()
io.flutter.embedding.engine.FlutterJNI: java.util.Set engineLifecycleListeners
androidx.core.graphics.drawable.IconCompatParcelizer: void write(androidx.core.graphics.drawable.IconCompat,androidx.versionedparcelable.VersionedParcel)
io.flutter.embedding.engine.FlutterJNI: boolean initCalled
io.flutter.embedding.engine.FlutterJNI: java.lang.String observatoryUri
io.flutter.embedding.android.FlutterSplashView$SavedState: android.os.Bundle access$702(io.flutter.embedding.android.FlutterSplashView$SavedState,android.os.Bundle)
io.flutter.plugin.platform.SingleViewPresentation: SingleViewPresentation(android.content.Context,android.view.Display,io.flutter.plugin.platform.PlatformViewFactory,io.flutter.plugin.platform.AccessibilityEventsDelegate,int,java.lang.Object,android.view.View$OnFocusChangeListener)
io.flutter.plugins.GeneratedPluginRegistrant
io.flutter.embedding.engine.FlutterJNI: void setSemanticsEnabled(boolean)
io.flutter.embedding.engine.systemchannels.TextInputChannel$TextCapitalization: io.flutter.embedding.engine.systemchannels.TextInputChannel$TextCapitalization[] values()
androidx.lifecycle.LiveData$LifecycleBoundObserver
io.flutter.embedding.engine.FlutterJNI: io.flutter.embedding.engine.FlutterJNI$AccessibilityDelegate accessibilityDelegate
io.flutter.embedding.engine.mutatorsstack.FlutterMutatorsStack$FlutterMutatorType: io.flutter.embedding.engine.mutatorsstack.FlutterMutatorsStack$FlutterMutatorType[] values()
io.flutter.view.AccessibilityViewEmbedder: android.view.accessibility.AccessibilityNodeInfo createAccessibilityNodeInfo(int)
androidx.browser.browseractions.BrowserActionsFallbackMenuView
io.flutter.embedding.engine.FlutterJNI: void removeIsDisplayingFlutterUiListener(io.flutter.embedding.engine.renderer.FlutterUiDisplayListener)
io.flutter.embedding.engine.renderer.SurfaceTextureWrapper: SurfaceTextureWrapper(android.graphics.SurfaceTexture)
io.flutter.embedding.engine.FlutterJNI: boolean nativeFlutterTextUtilsIsEmojiModifierBase(int)
io.flutter.plugin.platform.SingleViewPresentation: io.flutter.plugin.platform.SingleViewPresentation$PresentationState detachState()
io.flutter.embedding.engine.FlutterJNI: void dispatchEmptyPlatformMessage(java.lang.String,int)
io.flutter.embedding.engine.FlutterJNI: void invokePlatformMessageEmptyResponseCallback(int)
io.flutter.embedding.engine.FlutterJNI: java.util.Set flutterUiDisplayListeners
io.flutter.embedding.engine.FlutterJNI: boolean nativeFlutterTextUtilsIsEmoji(int)
android.support.v4.graphics.drawable.IconCompatParcelizer: IconCompatParcelizer()
io.flutter.view.AccessibilityViewEmbedder: android.view.accessibility.AccessibilityNodeInfo convertToFlutterNode(android.view.accessibility.AccessibilityNodeInfo,int,android.view.View)
io.flutter.plugin.editing.ImeSyncDeferringInsetsCallback: int overlayInsetTypes
io.flutter.view.AccessibilityViewEmbedder: java.lang.Integer getRecordFlutterId(android.view.View,android.view.accessibility.AccessibilityRecord)