flutterApp/build/app/outputs/mapping/release/mapping.txt
# compiler: R8
# compiler_version: 2.1.62
# min_api: 21
# pg_map_id: 09e6008
# common_typos_disable
...
io.flutter.plugin.common.StandardMessageCodec -> b.a.c.a.o:
    java.nio.charset.Charset UTF8 -> c
    io.flutter.plugin.common.StandardMessageCodec INSTANCE -> a
    boolean LITTLE_ENDIAN -> b
    java.lang.Object decodeMessage(java.nio.ByteBuffer) -> a
    java.nio.ByteBuffer encodeMessage(java.lang.Object) -> b
    void readAlignment(java.nio.ByteBuffer,int) -> c
    byte[] readBytes(java.nio.ByteBuffer) -> d
    int readSize(java.nio.ByteBuffer) -> e
    java.lang.Object readValue(java.nio.ByteBuffer) -> f
    java.lang.Object readValueOfType(byte,java.nio.ByteBuffer) -> g
    void writeAlignment(java.io.ByteArrayOutputStream,int) -> h
    void writeBytes(java.io.ByteArrayOutputStream,byte[]) -> i
    void writeChar(java.io.ByteArrayOutputStream,int) -> j
    void writeDouble(java.io.ByteArrayOutputStream,double) -> k
    void writeInt(java.io.ByteArrayOutputStream,int) -> l
    void writeLong(java.io.ByteArrayOutputStream,long) -> m
    void writeSize(java.io.ByteArrayOutputStream,int) -> n
    void writeValue(java.io.ByteArrayOutputStream,java.lang.Object) -> o
io.flutter.plugin.common.StandardMessageCodec$ExposedByteArrayOutputStream -> b.a.c.a.o$a:
    byte[] buffer() -> a
io.flutter.plugin.common.StandardMethodCodec -> b.a.c.a.p:
    io.flutter.plugin.common.StandardMessageCodec messageCodec -> a
    io.flutter.plugin.common.StandardMethodCodec INSTANCE -> b
    java.nio.ByteBuffer encodeErrorEnvelopeWithStacktrace(java.lang.String,java.lang.String,java.lang.Object,java.lang.String) -> a
    java.nio.ByteBuffer encodeMethodCall(io.flutter.plugin.common.MethodCall) -> b
    java.nio.ByteBuffer encodeErrorEnvelope(java.lang.String,java.lang.String,java.lang.Object) -> c
    java.nio.ByteBuffer encodeSuccessEnvelope(java.lang.Object) -> d
    io.flutter.plugin.common.MethodCall decodeMethodCall(java.nio.ByteBuffer) -> e
    java.lang.Object decodeEnvelope(java.nio.ByteBuffer) -> f
    java.lang.String getStackTrace(java.lang.Throwable) -> g
io.flutter.plugin.common.StringCodec -> b.a.c.a.q:
    java.nio.charset.Charset UTF8 -> a
    io.flutter.plugin.common.StringCodec INSTANCE -> b
    java.lang.Object decodeMessage(java.nio.ByteBuffer) -> a
    java.nio.ByteBuffer encodeMessage(java.lang.Object) -> b
    java.lang.String decodeMessage(java.nio.ByteBuffer) -> c
    java.nio.ByteBuffer encodeMessage(java.lang.String) -> d
io.flutter.plugin.editing.FlutterTextUtils -> io.flutter.plugin.editing.a:
    io.flutter.embedding.engine.FlutterJNI flutterJNI -> a
    int getOffsetAfter(java.lang.CharSequence,int) -> a
    int getOffsetBefore(java.lang.CharSequence,int) -> b
    boolean isEmoji(int) -> c
    boolean isEmojiModifier(int) -> d
    boolean isEmojiModifierBase(int) -> e
    boolean isKeycapBase(int) -> f
    boolean isRegionalIndicatorSymbol(int) -> g
    boolean isTagSpecChar(int) -> h
    boolean isVariationSelector(int) -> i
io.flutter.plugin.editing.ImeSyncDeferringInsetsCallback$1 -> io.flutter.plugin.editing.ImeSyncDeferringInsetsCallback$a:
io.flutter.plugin.editing.ImeSyncDeferringInsetsCallback$InsetsListener -> io.flutter.plugin.editing.ImeSyncDeferringInsetsCallback$b:
    io.flutter.plugin.editing.ImeSyncDeferringInsetsCallback this$0 -> a