flutterApp/build/app/outputs/mapping/release/usage.txt
com.example.apolobytes.R$color
com.example.apolobytes.R$mipmap
com.example.apolobytes.R
com.example.apolobytes.R$integer
com.example.apolobytes.R$xml
com.example.apolobytes.R$layout
com.example.apolobytes.R$id
com.example.apolobytes.R$dimen
com.example.apolobytes.R$string
com.example.apolobytes.R$styleable
com.example.apolobytes.R$style
com.example.apolobytes.R$attr
com.example.apolobytes.R$drawable
com.example.apolobytes.BuildConfig
...
io.flutter.plugin.common.EventChannel$IncomingStreamRequestHandler
androidx.browser.trusted.TrustedWebActivityDisplayMode
kotlin.collections.ArraysKt___ArraysKt$asSequence$$inlined$Sequence$2
kotlin.jvm.internal.FloatSpreadBuilder
kotlin.coroutines.experimental.CoroutineContext$Key
androidx.loader.content.Loader$ForceLoadContentObserver
androidx.browser.customtabs.CustomTabsClient$2$3
kotlin.jvm.internal.PackageReference
android.support.v4.os.IResultReceiver$Stub$Proxy
kotlin.TypeAliasesKt
androidx.browser.trusted.TrustedWebActivityIntent
androidx.concurrent.futures.AbstractResolvableFuture$SetFuture
kotlin.LazyKt__LazyJVMKt
kotlin.reflect.KProperty$Accessor
kotlin.coroutines.experimental.intrinsics.IntrinsicsKt
androidx.browser.customtabs.CustomTabsService$Result
kotlin.random.XorWowRandom
kotlin.collections.ArraysKt___ArraysKt$groupingBy$1
kotlin.reflect.KMutableProperty0$Setter
androidx.browser.customtabs.CustomTabsClient
kotlin.jvm.internal.InlineMarker
androidx.activity.R$drawable
io.flutter.plugin.common.EventChannel
kotlin.comparisons.ComparisonsKt__ComparisonsKt$thenComparator$1
kotlin.coroutines.AbstractCoroutineContextElement
androidx.core.content.res.FontResourcesParserCompat$FontFileResourceEntry
androidx.core.internal.view.SupportSubMenu
androidx.core.view.NestedScrollingParent3
io.github.ponnamkarthik.toast.fluttertoast.R$color
io.flutter.embedding.engine.dart.DartExecutor$DartCallback
kotlin.jvm.internal.markers.KMutableListIterator
androidx.core.provider.SelfDestructiveThread$1
kotlin.coroutines.experimental.migration.CoroutinesMigrationKt
androidx.core.graphics.PathParser$PathDataNode
androidx.core.view.ViewCompat$OnUnhandledKeyEventListenerCompat
kotlin.ParameterName
io.flutter.embedding.engine.FlutterEngineCache:
    public boolean contains(java.lang.String)
kotlin.collections.CollectionsKt__IteratorsJVMKt$iterator$1
kotlin.contracts.ContractBuilder$DefaultImpls
androidx.core.view.ViewParentCompat
androidx.browser.trusted.ScreenOrientation$LockType
androidx.activity.R$styleable
kotlin.collections.MapWithDefault
androidx.customview.R
kotlin.jvm.functions.Function4
androidx.core.app.NotificationCompat$Action$SemanticAction
androidx.core.widget.PopupWindowCompat
androidx.fragment.app.FragmentTransitionImpl$1
androidx.annotation.RawRes
io.flutter.app.FlutterActivityDelegate
kotlin.ranges.CharRange$Companion
androidx.core.content.pm.PermissionInfoCompat
androidx.fragment.R$dimen
kotlin.io.SerializableKt
androidx.annotation.VisibleForTesting
androidx.core.view.ViewCompat$ScrollIndicators
io.flutter.embedding.android.SplashScreenProvider
kotlin.Unit
androidx.core.view.NestedScrollingParentHelper
kotlin.jvm.internal.ByteSpreadBuilder
androidx.core.util.Consumer
androidx.lifecycle.Lifecycling
androidx.core.view.accessibility.AccessibilityWindowInfoCompat
androidx.core.location.LocationManagerCompat
kotlin.text.Typography
androidx.browser.browseractions.BrowserActionsFallbackMenuUi$3
androidx.core.view.inputmethod.InputContentInfoCompat
io.flutter.embedding.android.FlutterActivity$CachedEngineIntentBuilder
androidx.core.app.NotificationCompat$BigPictureStyle
kotlin.ULongArray
androidx.core.content.pm.ShortcutInfoCompatSaver$NoopImpl
kotlin.contracts.ConditionalEffect
androidx.core.provider.FontsContractCompat$4$6
androidx.activity.R$color
io.flutter.plugin.common.FlutterException:
    private static final java.lang.String TAG
kotlin.text.StringsKt___StringsKt$chunkedSequence$1
androidx.activity.R
kotlin.jvm.functions.Function20
kotlin.LazyThreadSafetyMode
androidx.browser.R$style
androidx.lifecycle.ViewModel
androidx.annotation.RequiresApi
androidx.concurrent.futures.AbstractResolvableFuture$AtomicHelper
androidx.core.app.NotificationCompat$BigTextStyle
kotlin.jvm.internal.CharSpreadBuilder
androidx.core.app.ActivityCompat$PermissionCompatDelegate
androidx.core.view.inputmethod.InputContentInfoCompat$InputContentInfoCompatBaseImpl
kotlin.jvm.internal.LocalVariableReference
androidx.annotation.AnyThread